<?xml version="1.0" encoding="UTF-8"?>
<!-- Generated by org.testng.reporters.JUnitReportReporter -->
<testsuite hostname="LAPTOP-V4H52QRD" failures="0" tests="1" name="com.testcaserepo.modify" time="0.027" errors="0" timestamp="09 May 2021 00:00:21 GMT" skipped="0">
  <testcase classname="com.testcaserepo.modify" name="Modifyorg" time="0.027"/>
</testsuite> <!-- com.testcaserepo.modify -->
