<?xml version="1.0" encoding="UTF-8"?>
<!-- Generated by org.testng.reporters.JUnitReportReporter -->
<testsuite hostname="LAPTOP-V4H52QRD" failures="0" tests="1" name="com.testcaserepo.createorg" time="0.020" errors="0" timestamp="09 May 2021 00:10:24 GMT" skipped="0">
  <testcase classname="com.testcaserepo.createorg" name="createorgnization" time="0.020"/>
</testsuite> <!-- com.testcaserepo.createorg -->
