<?xml version="1.0" encoding="UTF-8"?>
<!-- Generated by org.testng.reporters.JUnitReportReporter -->
<testsuite hostname="LAPTOP-V4H52QRD" failures="0" tests="1" name="com.testcaserepo.delete" time="0.048" errors="0" timestamp="09 May 2021 00:03:23 GMT" skipped="0">
  <testcase classname="com.testcaserepo.delete" name="delteorg" time="0.048"/>
</testsuite> <!-- com.testcaserepo.delete -->
