<?xml version="1.0" encoding="UTF-8"?>
<!-- Generated by org.testng.reporters.JUnitReportReporter -->
<testsuite hostname="LAPTOP-V4H52QRD" failures="0" tests="1" name="com.testcaserepo.validatenewOrg" time="0.010" errors="0" timestamp="09 May 2021 00:10:24 GMT" skipped="0">
  <testcase classname="com.testcaserepo.validatenewOrg" name="validateneworg" time="0.010"/>
</testsuite> <!-- com.testcaserepo.validatenewOrg -->
